# JRE version: OpenJDK Runtime Environment Microsoft-8035246 (17.0.8+7) (build 17.0.8+7-LTS)
# Java VM: OpenJDK 64-Bit Server VM Microsoft-8035246 (17.0.8+7-LTS, mixed mode, sharing, tiered, compressed oops, compressed class ptrs, g1 gc, windows-amd64)
GC Precious Log:
 CPUs: 12 total, 12 available
 Memory: 16251M
 Large Page Support: Disabled
 NUMA Support: Disabled
 Compressed Oops: Enabled (32-bit)
 Heap Region Size: 1M
 Heap Min Capacity: 8M
 Heap Initial Capacity: 254M
 Heap Max Capacity: 2G
 Pre-touch: Disabled
 Parallel Workers: 10
 Concurrent Workers: 3
 Concurrent Refinement Workers: 10
 Periodic GC: Disabled
Heap:
 garbage-first heap   total 340992K, used 275066K [0x0000000080000000, 0x0000000100000000)
  region size 1024K, 85 young (87040K), 7 survivors (7168K)
 Metaspace       used 100611K, committed 101824K, reserved 557056K
  class space    used 14126K, committed 14720K, reserved 425984K
GC Heap History (20 events):
Event: 70.495 GC heap before
{Heap before GC invocations=32 (full 0):
 garbage-first heap   total 194560K, used 157584K [0x0000000080000000, 0x0000000100000000)
  region size 1024K, 32 young (32768K), 5 survivors (5120K)
 Metaspace       used 90198K, committed 91264K, reserved 557056K
  class space    used 12701K, committed 13184K, reserved 425984K
}
Event: 70.500 GC heap after
{Heap after GC invocations=33 (full 0):
 garbage-first heap   total 194560K, used 135373K [0x0000000080000000, 0x0000000100000000)
  region size 1024K, 4 young (4096K), 4 survivors (4096K)
 Metaspace       used 90198K, committed 91264K, reserved 557056K
  class space    used 12701K, committed 13184K, reserved 425984K
}
Event: 70.820 GC heap before
{Heap before GC invocations=33 (full 0):
 garbage-first heap   total 194560K, used 161997K [0x0000000080000000, 0x0000000100000000)
  region size 1024K, 28 young (28672K), 4 survivors (4096K)
 Metaspace       used 90502K, committed 91584K, reserved 557056K
  class space    used 12732K, committed 13248K, reserved 425984K
}
Event: 70.823 GC heap after
{Heap after GC invocations=34 (full 0):
 garbage-first heap   total 194560K, used 144186K [0x0000000080000000, 0x0000000100000000)
  region size 1024K, 4 young (4096K), 4 survivors (4096K)
 Metaspace       used 90502K, committed 91584K, reserved 557056K
  class space    used 12732K, committed 13248K, reserved 425984K
}
Event: 71.031 GC heap before
{Heap before GC invocations=34 (full 0):
 garbage-first heap   total 194560K, used 162618K [0x0000000080000000, 0x0000000100000000)
  region size 1024K, 22 young (22528K), 4 survivors (4096K)
 Metaspace       used 90664K, committed 91712K, reserved 557056K
  class space    used 12753K, committed 13248K, reserved 425984K
}
Event: 71.034 GC heap after
{Heap after GC invocations=35 (full 0):
 garbage-first heap   total 194560K, used 151552K [0x0000000080000000, 0x0000000100000000)
  region size 1024K, 3 young (3072K), 3 survivors (3072K)
 Metaspace       used 90664K, committed 91712K, reserved 557056K
  class space    used 12753K, committed 13248K, reserved 425984K
}
Event: 71.367 GC heap before
{Heap before GC invocations=35 (full 0):
 garbage-first heap   total 194560K, used 163840K [0x0000000080000000, 0x0000000100000000)
  region size 1024K, 16 young (16384K), 3 survivors (3072K)
 Metaspace       used 90763K, committed 91840K, reserved 557056K
  class space    used 12761K, committed 13248K, reserved 425984K
}
Event: 71.369 GC heap after
{Heap after GC invocations=36 (full 0):
 garbage-first heap   total 194560K, used 154094K [0x0000000080000000, 0x0000000100000000)
  region size 1024K, 2 young (2048K), 2 survivors (2048K)
 Metaspace       used 90763K, committed 91840K, reserved 557056K
  class space    used 12761K, committed 13248K, reserved 425984K
}
Event: 71.509 GC heap before
{Heap before GC invocations=37 (full 0):
 garbage-first heap   total 275456K, used 167406K [0x0000000080000000, 0x0000000100000000)
  region size 1024K, 14 young (14336K), 2 survivors (2048K)
 Metaspace       used 90831K, committed 91904K, reserved 557056K
  class space    used 12772K, committed 13248K, reserved 425984K
}
Event: 71.512 GC heap after
{Heap after GC invocations=38 (full 0):
 garbage-first heap   total 275456K, used 159744K [0x0000000080000000, 0x0000000100000000)
  region size 1024K, 2 young (2048K), 2 survivors (2048K)
 Metaspace       used 90831K, committed 91904K, reserved 557056K
  class space    used 12772K, committed 13248K, reserved 425984K
}
Event: 71.607 GC heap before
{Heap before GC invocations=38 (full 0):
 garbage-first heap   total 275456K, used 171008K [0x0000000080000000, 0x0000000100000000)
  region size 1024K, 13 young (13312K), 2 survivors (2048K)
 Metaspace       used 90977K, committed 92096K, reserved 557056K
  class space    used 12785K, committed 13312K, reserved 425984K
}
Event: 71.610 GC heap after
{Heap after GC invocations=39 (full 0):
 garbage-first heap   total 275456K, used 161078K [0x0000000080000000, 0x0000000100000000)
  region size 1024K, 2 young (2048K), 2 survivors (2048K)
 Metaspace       used 90977K, committed 92096K, reserved 557056K
  class space    used 12785K, committed 13312K, reserved 425984K
}
Event: 72.243 GC heap before
{Heap before GC invocations=39 (full 0):
 garbage-first heap   total 275456K, used 220470K [0x0000000080000000, 0x0000000100000000)
  region size 1024K, 60 young (61440K), 2 survivors (2048K)
 Metaspace       used 95309K, committed 96384K, reserved 557056K
  class space    used 13422K, committed 13952K, reserved 425984K
}
Event: 72.247 GC heap after
{Heap after GC invocations=40 (full 0):
 garbage-first heap   total 340992K, used 164237K [0x0000000080000000, 0x0000000100000000)
  region size 1024K, 5 young (5120K), 5 survivors (5120K)
 Metaspace       used 95309K, committed 96384K, reserved 557056K
  class space    used 13422K, committed 13952K, reserved 425984K
}
Event: 73.445 GC heap before
{Heap before GC invocations=40 (full 0):
 garbage-first heap   total 340992K, used 269709K [0x0000000080000000, 0x0000000100000000)
  region size 1024K, 108 young (110592K), 5 survivors (5120K)
 Metaspace       used 98471K, committed 99648K, reserved 557056K
  class space    used 13796K, committed 14336K, reserved 425984K
}
Event: 73.455 GC heap after
{Heap after GC invocations=41 (full 0):
 garbage-first heap   total 340992K, used 175845K [0x0000000080000000, 0x0000000100000000)
  region size 1024K, 14 young (14336K), 14 survivors (14336K)
 Metaspace       used 98471K, committed 99648K, reserved 557056K
  class space    used 13796K, committed 14336K, reserved 425984K
}
Event: 73.970 GC heap before
{Heap before GC invocations=41 (full 0):
 garbage-first heap   total 340992K, used 271077K [0x0000000080000000, 0x0000000100000000)
  region size 1024K, 108 young (110592K), 14 survivors (14336K)
 Metaspace       used 99913K, committed 101120K, reserved 557056K
  class space    used 14068K, committed 14656K, reserved 425984K
}
Event: 73.983 GC heap after
{Heap after GC invocations=42 (full 0):
 garbage-first heap   total 340992K, used 186355K [0x0000000080000000, 0x0000000100000000)
  region size 1024K, 11 young (11264K), 11 survivors (11264K)
 Metaspace       used 99913K, committed 101120K, reserved 557056K
  class space    used 14068K, committed 14656K, reserved 425984K
}
Event: 75.064 GC heap before
{Heap before GC invocations=42 (full 0):
 garbage-first heap   total 340992K, used 274419K [0x0000000080000000, 0x0000000100000000)
  region size 1024K, 98 young (100352K), 11 survivors (11264K)
 Metaspace       used 100525K, committed 101760K, reserved 557056K
  class space    used 14126K, committed 14720K, reserved 425984K
}
Event: 75.072 GC heap after
{Heap after GC invocations=43 (full 0):
 garbage-first heap   total 340992K, used 193146K [0x0000000080000000, 0x0000000100000000)
  region size 1024K, 7 young (7168K), 7 survivors (7168K)
 Metaspace       used 100525K, committed 101760K, reserved 557056K
  class space    used 14126K, committed 14720K, reserved 425984K
}

