# JRE version: OpenJDK Runtime Environment Microsoft-8035246 (17.0.8+7) (build 17.0.8+7-LTS)
# Java VM: OpenJDK 64-Bit Server VM Microsoft-8035246 (17.0.8+7-LTS, mixed mode, sharing, tiered, compressed oops, compressed class ptrs, g1 gc, windows-amd64)
GC Precious Log:
 CPUs: 12 total, 12 available
 Memory: 16251M
 Large Page Support: Disabled
 NUMA Support: Disabled
 Compressed Oops: Enabled (32-bit)
 Heap Region Size: 1M
 Heap Min Capacity: 8M
 Heap Initial Capacity: 254M
 Heap Max Capacity: 2G
 Pre-touch: Disabled
 Parallel Workers: 10
 Concurrent Workers: 3
 Concurrent Refinement Workers: 10
 Periodic GC: Disabled
Heap:
 garbage-first heap   total 272384K, used 208855K [0x0000000080000000, 0x0000000100000000)
  region size 1024K, 13 young (13312K), 2 survivors (2048K)
 Metaspace       used 100632K, committed 101760K, reserved 557056K
  class space    used 14119K, committed 14656K, reserved 425984K
GC Heap History (20 events):
Event: 31.357 GC heap before
{Heap before GC invocations=53 (full 0):
 garbage-first heap   total 272384K, used 211465K [0x0000000080000000, 0x0000000100000000)
  region size 1024K, 73 young (74752K), 12 survivors (12288K)
 Metaspace       used 91711K, committed 92672K, reserved 557056K
  class space    used 12866K, committed 13312K, reserved 425984K
}
Event: 31.367 GC heap after
{Heap after GC invocations=54 (full 0):
 garbage-first heap   total 272384K, used 162050K [0x0000000080000000, 0x0000000100000000)
  region size 1024K, 10 young (10240K), 10 survivors (10240K)
 Metaspace       used 91711K, committed 92672K, reserved 557056K
  class space    used 12866K, committed 13312K, reserved 425984K
}
Event: 31.792 GC heap before
{Heap before GC invocations=54 (full 0):
 garbage-first heap   total 272384K, used 215298K [0x0000000080000000, 0x0000000100000000)
  region size 1024K, 62 young (63488K), 10 survivors (10240K)
 Metaspace       used 95957K, committed 96960K, reserved 557056K
  class space    used 13492K, committed 13952K, reserved 425984K
}
Event: 31.799 GC heap after
{Heap after GC invocations=55 (full 0):
 garbage-first heap   total 272384K, used 166349K [0x0000000080000000, 0x0000000100000000)
  region size 1024K, 4 young (4096K), 4 survivors (4096K)
 Metaspace       used 95957K, committed 96960K, reserved 557056K
  class space    used 13492K, committed 13952K, reserved 425984K
}
Event: 32.324 GC heap before
{Heap before GC invocations=55 (full 0):
 garbage-first heap   total 272384K, used 219597K [0x0000000080000000, 0x0000000100000000)
  region size 1024K, 56 young (57344K), 4 survivors (4096K)
 Metaspace       used 97859K, committed 98944K, reserved 557056K
  class space    used 13719K, committed 14208K, reserved 425984K
}
Event: 32.331 GC heap after
{Heap after GC invocations=56 (full 0):
 garbage-first heap   total 272384K, used 173227K [0x0000000080000000, 0x0000000100000000)
  region size 1024K, 7 young (7168K), 7 survivors (7168K)
 Metaspace       used 97859K, committed 98944K, reserved 557056K
  class space    used 13719K, committed 14208K, reserved 425984K
}
Event: 32.709 GC heap before
{Heap before GC invocations=56 (full 0):
 garbage-first heap   total 272384K, used 221355K [0x0000000080000000, 0x0000000100000000)
  region size 1024K, 54 young (55296K), 7 survivors (7168K)
 Metaspace       used 98507K, committed 99520K, reserved 557056K
  class space    used 13778K, committed 14272K, reserved 425984K
}
Event: 32.717 GC heap after
{Heap after GC invocations=57 (full 0):
 garbage-first heap   total 272384K, used 178890K [0x0000000080000000, 0x0000000100000000)
  region size 1024K, 6 young (6144K), 6 survivors (6144K)
 Metaspace       used 98507K, committed 99520K, reserved 557056K
  class space    used 13778K, committed 14272K, reserved 425984K
}
Event: 33.012 GC heap before
{Heap before GC invocations=57 (full 0):
 garbage-first heap   total 272384K, used 223946K [0x0000000080000000, 0x0000000100000000)
  region size 1024K, 50 young (51200K), 6 survivors (6144K)
 Metaspace       used 98731K, committed 99776K, reserved 557056K
  class space    used 13790K, committed 14272K, reserved 425984K
}
Event: 33.017 GC heap after
{Heap after GC invocations=58 (full 0):
 garbage-first heap   total 272384K, used 183713K [0x0000000080000000, 0x0000000100000000)
  region size 1024K, 5 young (5120K), 5 survivors (5120K)
 Metaspace       used 98731K, committed 99776K, reserved 557056K
  class space    used 13790K, committed 14272K, reserved 425984K
}
Event: 33.260 GC heap before
{Heap before GC invocations=58 (full 0):
 garbage-first heap   total 272384K, used 225697K [0x0000000080000000, 0x0000000100000000)
  region size 1024K, 47 young (48128K), 5 survivors (5120K)
 Metaspace       used 99909K, committed 101056K, reserved 557056K
  class space    used 14057K, committed 14592K, reserved 425984K
}
Event: 33.266 GC heap after
{Heap after GC invocations=59 (full 0):
 garbage-first heap   total 272384K, used 188332K [0x0000000080000000, 0x0000000100000000)
  region size 1024K, 5 young (5120K), 5 survivors (5120K)
 Metaspace       used 99909K, committed 101056K, reserved 557056K
  class space    used 14057K, committed 14592K, reserved 425984K
}
Event: 33.449 GC heap before
{Heap before GC invocations=59 (full 0):
 garbage-first heap   total 272384K, used 227244K [0x0000000080000000, 0x0000000100000000)
  region size 1024K, 44 young (45056K), 5 survivors (5120K)
 Metaspace       used 100177K, committed 101248K, reserved 557056K
  class space    used 14066K, committed 14592K, reserved 425984K
}
Event: 33.453 GC heap after
{Heap after GC invocations=60 (full 0):
 garbage-first heap   total 272384K, used 190192K [0x0000000080000000, 0x0000000100000000)
  region size 1024K, 2 young (2048K), 2 survivors (2048K)
 Metaspace       used 100177K, committed 101248K, reserved 557056K
  class space    used 14066K, committed 14592K, reserved 425984K
}
Event: 33.930 GC heap before
{Heap before GC invocations=60 (full 0):
 garbage-first heap   total 272384K, used 230128K [0x0000000080000000, 0x0000000100000000)
  region size 1024K, 42 young (43008K), 2 survivors (2048K)
 Metaspace       used 100541K, committed 101696K, reserved 557056K
  class space    used 14118K, committed 14656K, reserved 425984K
}
Event: 33.935 GC heap after
{Heap after GC invocations=61 (full 0):
 garbage-first heap   total 272384K, used 193928K [0x0000000080000000, 0x0000000100000000)
  region size 1024K, 6 young (6144K), 6 survivors (6144K)
 Metaspace       used 100541K, committed 101696K, reserved 557056K
  class space    used 14118K, committed 14656K, reserved 425984K
}
Event: 34.049 GC heap before
{Heap before GC invocations=61 (full 0):
 garbage-first heap   total 272384K, used 231816K [0x0000000080000000, 0x0000000100000000)
  region size 1024K, 43 young (44032K), 6 survivors (6144K)
 Metaspace       used 100568K, committed 101696K, reserved 557056K
  class space    used 14118K, committed 14656K, reserved 425984K
}
Event: 34.053 GC heap after
{Heap after GC invocations=62 (full 0):
 garbage-first heap   total 272384K, used 196763K [0x0000000080000000, 0x0000000100000000)
  region size 1024K, 4 young (4096K), 4 survivors (4096K)
 Metaspace       used 100568K, committed 101696K, reserved 557056K
  class space    used 14118K, committed 14656K, reserved 425984K
}
Event: 34.303 GC heap before
{Heap before GC invocations=62 (full 0):
 garbage-first heap   total 272384K, used 230555K [0x0000000080000000, 0x0000000100000000)
  region size 1024K, 38 young (38912K), 4 survivors (4096K)
 Metaspace       used 100631K, committed 101760K, reserved 557056K
  class space    used 14119K, committed 14656K, reserved 425984K
}
Event: 34.306 GC heap after
{Heap after GC invocations=63 (full 0):
 garbage-first heap   total 272384K, used 198615K [0x0000000080000000, 0x0000000100000000)
  region size 1024K, 2 young (2048K), 2 survivors (2048K)
 Metaspace       used 100631K, committed 101760K, reserved 557056K
  class space    used 14119K, committed 14656K, reserved 425984K
}

